SLURM_CLUSTER_NAME=cluster
SLURM_CONF=/hpc/slurm/etc/slurm.conf
SLURM_CPUS_ON_NODE=16
SLURM_CPUS_PER_TASK=16
SLURMD_NODENAME=gpu-sm01-04
SLURM_GPUS_ON_NODE=1
SLURM_GPUS_PER_NODE=a40:1
SLURM_GTIDS=0
SLURM_JOB_ACCOUNT=default
SLURM_JOB_CPUS_PER_NODE=16
SLURM_JOB_END_TIME=1684335435
SLURM_JOB_GID=5513
SLURM_JOB_GPUS=0
SLURM_JOB_ID=9560014
SLURM_JOBID=9560014
SLURM_JOB_NAME=ULCMalariaSSAFreruns
SLURM_JOB_NODELIST=gpu-sm01-04
SLURM_JOB_NUM_NODES=1
SLURM_JOB_PARTITION=gpu
SLURM_JOB_QOS=normal
SLURM_JOB_START_TIME=1684277835
SLURM_JOB_UID=5513
SLURM_JOB_USER=michelle.khoo
SLURM_LOCALID=0
SLURM_MEM_PER_CPU=8000
SLURM_NNODES=1
SLURM_NODE_ALIASES=(null)
SLURM_NODEID=0
SLURM_NODELIST=gpu-sm01-04
SLURM_NPROCS=1
SLURM_NTASKS=1
SLURM_PRIO_PROCESS=0
SLURM_PROCID=0
SLURM_SUBMIT_DIR=/home/michelle.khoo/processing/lfm-data-utilities/lfm_data_utilities/infer_rerun_scripts
SLURM_SUBMIT_HOST=login-01
SLURM_TASK_PID=188560
SLURM_TASKS_PER_NODE=1
SLURM_TOPOLOGY_ADDR=gpu-sm01-04
SLURM_TOPOLOGY_ADDR_PATTERN=node
SLURM_WORKING_CLUSTER=cluster:frankie:6917:9984:109
Using cpu
Finished processing
